<?xml version="1.0" encoding="UTF-8"?>
<!-- Generated by org.testng.reporters.JUnitReportReporter -->
<testsuite hostname="DESKTOP-T5SFD2G" failures="0" tests="1" name="com.qaalpha.tests.QA_0008_Create_Ticket_Test" time="19.570" errors="0" timestamp="30 Nov 2020 11:32:16 GMT" skipped="0">
  <testcase classname="com.qaalpha.tests.QA_0008_Create_Ticket_Test" name="qa_0006_Create_Ticket_Test" time="19.570"/>
</testsuite> <!-- com.qaalpha.tests.QA_0008_Create_Ticket_Test -->
