<?xml version="1.0" encoding="UTF-8"?>
<!-- Generated by org.testng.reporters.JUnitReportReporter -->
<testsuite hostname="DESKTOP-T5SFD2G" failures="0" tests="1" name="com.qaalpha.tests.QA_0003_CreateClient_Test" time="28.181" errors="0" timestamp="19 Nov 2020 17:30:31 GMT" skipped="0">
  <testcase classname="com.qaalpha.tests.QA_0003_CreateClient_Test" name="qa_0003_createclient_test" time="28.181"/>
</testsuite> <!-- com.qaalpha.tests.QA_0003_CreateClient_Test -->
