<?xml version="1.0" encoding="UTF-8"?>
<!-- Generated by org.testng.reporters.JUnitReportReporter -->
<testsuite hostname="DESKTOP-T5SFD2G" failures="0" tests="1" name="com.qaalpha.tests.QA_0001_LogIn_Test" time="10.258" errors="0" timestamp="17 Nov 2020 12:33:34 GMT" skipped="0">
  <testcase classname="com.qaalpha.tests.QA_0001_LogIn_Test" name="qa_0001_login_test" time="10.258"/>
</testsuite> <!-- com.qaalpha.tests.QA_0001_LogIn_Test -->
