<?xml version="1.0" encoding="UTF-8"?>
<!-- Generated by org.testng.reporters.JUnitReportReporter -->
<testsuite hostname="DESKTOP-T5SFD2G" failures="0" tests="1" name="com.mvcstartertest.tests.QA_0001_AddFirstName_Test" time="5.814" errors="0" timestamp="23 Mar 2021 14:41:55 GMT" skipped="0">
  <testcase classname="com.mvcstartertest.tests.QA_0001_AddFirstName_Test" name="qa_0000_addFirstName_test" time="5.814"/>
</testsuite> <!-- com.mvcstartertest.tests.QA_0001_AddFirstName_Test -->
