<?xml version="1.0" encoding="UTF-8"?>
<!-- Generated by org.testng.reporters.JUnitReportReporter -->
<testsuite hostname="DESKTOP-T5SFD2G" failures="0" tests="1" name="com.mvcstartertest.tests.QA_0001_AddFirstName_Test" time="7.571" errors="0" timestamp="31 Mar 2021 21:00:45 GMT" skipped="0">
  <testcase classname="com.mvcstartertest.tests.QA_0001_AddFirstName_Test" name="qa_0000_addFirstName_test" time="7.571"/>
</testsuite> <!-- com.mvcstartertest.tests.QA_0001_AddFirstName_Test -->
