<?xml version="1.0" encoding="UTF-8"?>
<!-- Generated by org.testng.reporters.JUnitReportReporter -->
<testsuite hostname="DESKTOP-T5SFD2G" failures="0" tests="1" name="com.qaalpha.tests.QA_0006_Create_Multiple_Clients_Test" time="54.411" errors="0" timestamp="30 Nov 2020 10:50:44 GMT" skipped="0">
  <testcase classname="com.qaalpha.tests.QA_0006_Create_Multiple_Clients_Test" name="qa_0006_create_multiple_clients_test" time="54.411"/>
</testsuite> <!-- com.qaalpha.tests.QA_0006_Create_Multiple_Clients_Test -->
