<?xml version="1.0" encoding="UTF-8"?>
<!-- Generated by org.testng.reporters.JUnitReportReporter -->
<testsuite hostname="DESKTOP-T5SFD2G" failures="0" tests="1" name="com.qaalpha.tests.QA_0000_Initial_Test" time="14.729" errors="0" timestamp="03 Feb 2021 12:23:14 GMT" skipped="0">
  <testcase classname="com.qaalpha.tests.QA_0000_Initial_Test" name="qa_0000_initial_test" time="14.729"/>
</testsuite> <!-- com.qaalpha.tests.QA_0000_Initial_Test -->
